The system is: Linux - sh: 0: getcwd() failed: No such file or directory
4.15.0-20-generic - sh: 0: getcwd() failed: No such file or directory
x86_64
Determining if the C compiler works passed with the following output:
Change Dir: /home/nex/Документы/Work/TI-Engine/TI-PreCompiler/build/CMakeFiles/CMakeTmp

Run Build Command:"/usr/bin/make" "cmTC_8fad3/fast"
/usr/bin/make -f CMakeFiles/cmTC_8fad3.dir/build.make CMakeFiles/cmTC_8fad3.dir/build
make[1]: вход в каталог «/home/nex/Документы/Work/TI-Engine/TI-PreCompiler/build/CMakeFiles/CMakeTmp»
Building C object CMakeFiles/cmTC_8fad3.dir/testCCompiler.c.o
/usr/bin/x86_64-linux-gnu-gcc-7    -o CMakeFiles/cmTC_8fad3.dir/testCCompiler.c.o   -c /home/nex/Документы/Work/TI-Engine/TI-PreCompiler/build/CMakeFiles/CMakeTmp/testCCompiler.c
Linking C executable cmTC_8fad3
/usr/local/bin/cmake -E cmake_link_script CMakeFiles/cmTC_8fad3.dir/link.txt --verbose=1
/usr/bin/x86_64-linux-gnu-gcc-7      CMakeFiles/cmTC_8fad3.dir/testCCompiler.c.o  -o cmTC_8fad3 
make[1]: выход из каталога «/home/nex/Документы/Work/TI-Engine/TI-PreCompiler/build/CMakeFiles/CMakeTmp»


Detecting C compiler ABI info compiled with the following output:
Change Dir: /home/nex/Документы/Work/TI-Engine/TI-PreCompiler/build/CMakeFiles/CMakeTmp

Run Build Command:"/usr/bin/make" "cmTC_42d61/fast"
/usr/bin/make -f CMakeFiles/cmTC_42d61.dir/build.make CMakeFiles/cmTC_42d61.dir/build
make[1]: вход в каталог «/home/nex/Документы/Work/TI-Engine/TI-PreCompiler/build/CMakeFiles/CMakeTmp»
Building C object CMakeFiles/cmTC_42d61.dir/CMakeCCompilerABI.c.o
/usr/bin/x86_64-linux-gnu-gcc-7    -o CMakeFiles/cmTC_42d61.dir/CMakeCCompilerABI.c.o   -c /usr/local/share/cmake-3.12/Modules/CMakeCCompilerABI.c
Linking C executable cmTC_42d61
/usr/local/bin/cmake -E cmake_link_script CMakeFiles/cmTC_42d61.dir/link.txt --verbose=1
/usr/bin/x86_64-linux-gnu-gcc-7      CMakeFiles/cmTC_42d61.dir/CMakeCCompilerABI.c.o  -o cmTC_42d61 
make[1]: выход из каталога «/home/nex/Документы/Work/TI-Engine/TI-PreCompiler/build/CMakeFiles/CMakeTmp»


Determining if the CXX compiler works passed with the following output:
Change Dir: /home/nex/Документы/Work/TI-Engine/TI-PreCompiler/build/CMakeFiles/CMakeTmp

Run Build Command:"/usr/bin/make" "cmTC_d739c/fast"
/usr/bin/make -f CMakeFiles/cmTC_d739c.dir/build.make CMakeFiles/cmTC_d739c.dir/build
make[1]: вход в каталог «/home/nex/Документы/Work/TI-Engine/TI-PreCompiler/build/CMakeFiles/CMakeTmp»
Building CXX object CMakeFiles/cmTC_d739c.dir/testCXXCompiler.cxx.o
/usr/bin/c++     -o CMakeFiles/cmTC_d739c.dir/testCXXCompiler.cxx.o -c /home/nex/Документы/Work/TI-Engine/TI-PreCompiler/build/CMakeFiles/CMakeTmp/testCXXCompiler.cxx
Linking CXX executable cmTC_d739c
/usr/local/bin/cmake -E cmake_link_script CMakeFiles/cmTC_d739c.dir/link.txt --verbose=1
/usr/bin/c++       CMakeFiles/cmTC_d739c.dir/testCXXCompiler.cxx.o  -o cmTC_d739c 
make[1]: выход из каталога «/home/nex/Документы/Work/TI-Engine/TI-PreCompiler/build/CMakeFiles/CMakeTmp»


Detecting CXX compiler ABI info compiled with the following output:
Change Dir: /home/nex/Документы/Work/TI-Engine/TI-PreCompiler/build/CMakeFiles/CMakeTmp

Run Build Command:"/usr/bin/make" "cmTC_1080c/fast"
/usr/bin/make -f CMakeFiles/cmTC_1080c.dir/build.make CMakeFiles/cmTC_1080c.dir/build
make[1]: вход в каталог «/home/nex/Документы/Work/TI-Engine/TI-PreCompiler/build/CMakeFiles/CMakeTmp»
Building CXX object CMakeFiles/cmTC_1080c.dir/CMakeCXXCompilerABI.cpp.o
/usr/bin/c++     -o CMakeFiles/cmTC_1080c.dir/CMakeCXXCompilerABI.cpp.o -c /usr/local/share/cmake-3.12/Modules/CMakeCXXCompilerABI.cpp
Linking CXX executable cmTC_1080c
/usr/local/bin/cmake -E cmake_link_script CMakeFiles/cmTC_1080c.dir/link.txt --verbose=1
/usr/bin/c++       CMakeFiles/cmTC_1080c.dir/CMakeCXXCompilerABI.cpp.o  -o cmTC_1080c 
make[1]: выход из каталога «/home/nex/Документы/Work/TI-Engine/TI-PreCompiler/build/CMakeFiles/CMakeTmp»


